2024-04-14 19:14:36,600 [background-preinit] INFO  o.h.validator.internal.util.Version - -HV000001: Hibernate Validator 8.0.1.Final
2024-04-14 19:14:36,650 [main] INFO  c.c.b.BikeSalesAndServiceApplication - -Starting BikeSalesAndServiceApplication using Java 17.0.6 with PID 12280 (C:\Users\piotr\Desktop\Java\bikeSalesAndServiceMaven\bikeSalesAndService\target\classes started by piotr in C:\Users\piotr\Desktop\Java\bikeSalesAndServiceMaven\bikeSalesAndService)
2024-04-14 19:14:36,651 [main] INFO  c.c.b.BikeSalesAndServiceApplication - -No active profile set, falling back to 1 default profile: "default"
2024-04-14 19:14:37,676 [main] INFO  o.s.d.r.c.RepositoryConfigurationDelegate - -Bootstrapping Spring Data JPA repositories in DEFAULT mode.
2024-04-14 19:14:37,792 [main] INFO  o.s.d.r.c.RepositoryConfigurationDelegate - -Finished Spring Data repository scanning in 108 ms. Found 15 JPA repository interfaces.
2024-04-14 19:14:38,301 [main] INFO  o.s.b.w.e.tomcat.TomcatWebServer - -Tomcat initialized with port 9181 (http)
2024-04-14 19:14:38,310 [main] INFO  o.a.coyote.http11.Http11NioProtocol - -Initializing ProtocolHandler ["http-nio-9181"]
2024-04-14 19:14:38,312 [main] INFO  o.a.catalina.core.StandardService - -Starting service [Tomcat]
2024-04-14 19:14:38,312 [main] INFO  o.a.catalina.core.StandardEngine - -Starting Servlet engine: [Apache Tomcat/10.1.19]
2024-04-14 19:14:38,373 [main] INFO  o.a.c.c.C.[.[.[/codfish-bike] - -Initializing Spring embedded WebApplicationContext
2024-04-14 19:14:38,374 [main] INFO  o.s.b.w.s.c.ServletWebServerApplicationContext - -Root WebApplicationContext: initialization completed in 1682 ms
2024-04-14 19:14:38,467 [main] INFO  com.zaxxer.hikari.HikariDataSource - -HikariPool-1 - Starting...
2024-04-14 19:14:38,665 [main] INFO  com.zaxxer.hikari.pool.HikariPool - -HikariPool-1 - Added connection org.postgresql.jdbc.PgConnection@22cb3d59
2024-04-14 19:14:38,667 [main] INFO  com.zaxxer.hikari.HikariDataSource - -HikariPool-1 - Start completed.
2024-04-14 19:14:38,751 [main] INFO  o.f.c.i.license.VersionPrinter - -Flyway Community Edition 9.22.3 by Redgate
2024-04-14 19:14:38,751 [main] INFO  o.f.c.i.license.VersionPrinter - -See release notes here: https://rd.gt/416ObMi
2024-04-14 19:14:38,751 [main] INFO  o.f.c.i.license.VersionPrinter - -
2024-04-14 19:14:38,767 [main] INFO  org.flywaydb.core.FlywayExecutor - -Database: jdbc:postgresql://localhost:5432/cod_fish_bike (PostgreSQL 15.2)
2024-04-14 19:14:38,834 [main] INFO  o.f.c.internal.command.DbValidate - -Successfully validated 15 migrations (execution time 00:00.040s)
2024-04-14 19:14:38,848 [main] INFO  o.f.core.internal.command.DbMigrate - -Current version of schema "public": 3.1
2024-04-14 19:14:38,851 [main] INFO  o.f.core.internal.command.DbMigrate - -Schema "public" is up to date. No migration necessary.
2024-04-14 19:14:38,929 [main] INFO  o.h.jpa.internal.util.LogHelper - -HHH000204: Processing PersistenceUnitInfo [name: default]
2024-04-14 19:14:38,996 [main] INFO  org.hibernate.Version - -HHH000412: Hibernate ORM core version 6.4.4.Final
2024-04-14 19:14:39,034 [main] INFO  o.h.c.i.RegionFactoryInitiator - -HHH000026: Second-level cache disabled
2024-04-14 19:14:39,278 [main] INFO  o.s.o.j.p.SpringPersistenceUnitInfo - -No LoadTimeWeaver setup: ignoring JPA class transformer
2024-04-14 19:14:39,333 [main] WARN  org.hibernate.orm.deprecation - -HHH90000025: PostgreSQLDialect does not need to be specified explicitly using 'hibernate.dialect' (remove the property setting and it will be selected by default)
2024-04-14 19:14:40,532 [main] INFO  o.h.e.t.j.p.i.JtaPlatformInitiator - -HHH000489: No JTA platform available (set 'hibernate.transaction.jta.platform' to enable JTA platform integration)
2024-04-14 19:14:40,535 [main] INFO  o.s.o.j.LocalContainerEntityManagerFactoryBean - -Initialized JPA EntityManagerFactory for persistence unit 'default'
2024-04-14 19:14:40,891 [main] INFO  o.s.d.j.r.q.QueryEnhancerFactory - -Hibernate is in classpath; If applicable, HQL parser will be used.
2024-04-14 19:14:41,587 [main] WARN  o.s.b.a.o.j.JpaBaseConfiguration$JpaWebConfiguration - -spring.jpa.open-in-view is enabled by default. Therefore, database queries may be performed during view rendering. Explicitly configure spring.jpa.open-in-view to disable this warning
2024-04-14 19:14:41,847 [main] INFO  o.s.s.w.DefaultSecurityFilterChain - -Will secure any request with [org.springframework.security.web.session.DisableEncodeUrlFilter@3cc3914a, org.springframework.security.web.context.request.async.WebAsyncManagerIntegrationFilter@5d066f, org.springframework.security.web.context.SecurityContextHolderFilter@52072c45, org.springframework.security.web.header.HeaderWriterFilter@2533cbcc, org.springframework.web.filter.CorsFilter@5c39ec34, org.springframework.security.web.authentication.logout.LogoutFilter@1e275478, org.springframework.security.web.authentication.UsernamePasswordAuthenticationFilter@1e680c92, org.springframework.security.web.authentication.ui.DefaultLoginPageGeneratingFilter@40ea5cd3, org.springframework.security.web.authentication.ui.DefaultLogoutPageGeneratingFilter@362aa318, org.springframework.security.web.savedrequest.RequestCacheAwareFilter@402cdec9, org.springframework.security.web.servletapi.SecurityContextHolderAwareRequestFilter@73430c86, org.springframework.security.web.authentication.AnonymousAuthenticationFilter@16433d56, org.springframework.security.web.access.ExceptionTranslationFilter@507c795e, org.springframework.security.web.access.intercept.AuthorizationFilter@e8acdfc]
2024-04-14 19:14:42,095 [main] INFO  o.a.coyote.http11.Http11NioProtocol - -Starting ProtocolHandler ["http-nio-9181"]
2024-04-14 19:14:42,111 [main] INFO  o.s.b.w.e.tomcat.TomcatWebServer - -Tomcat started on port 9181 (http) with context path '/codfish-bike'
2024-04-14 19:14:42,119 [main] INFO  c.c.b.BikeSalesAndServiceApplication - -Started BikeSalesAndServiceApplication in 5.812 seconds (process running for 7.969)
2024-04-14 19:15:25,403 [http-nio-9181-exec-1] INFO  o.a.c.c.C.[.[.[/codfish-bike] - -Initializing Spring DispatcherServlet 'dispatcherServlet'
2024-04-14 19:15:25,403 [http-nio-9181-exec-1] INFO  o.s.web.servlet.DispatcherServlet - -Initializing Servlet 'dispatcherServlet'
2024-04-14 19:15:25,404 [http-nio-9181-exec-1] INFO  o.s.web.servlet.DispatcherServlet - -Completed initialization in 1 ms
2024-04-14 19:15:32,828 [http-nio-9181-exec-2] INFO  c.c.b.business.BikeService - -Available bike: [9]
2024-04-14 19:15:32,841 [http-nio-9181-exec-2] INFO  c.c.b.business.SalesmanService - -Available salesmen: [4]
2024-04-14 19:15:32,964 [http-nio-9181-exec-2] INFO  c.c.b.b.PersonRepairingService - -Available Person Repairing: [4]
2024-04-14 19:15:34,187 [http-nio-9181-exec-5] INFO  c.c.b.business.BikeService - -Available bike: [9]
2024-04-14 19:15:34,190 [http-nio-9181-exec-5] INFO  c.c.b.business.SalesmanService - -Available salesmen: [4]
2024-04-14 19:15:34,194 [http-nio-9181-exec-5] INFO  c.c.b.b.PersonRepairingService - -Available Person Repairing: [4]
2024-04-14 19:15:34,701 [http-nio-9181-exec-8] INFO  c.c.b.business.BikeService - -Available bike: [9]
2024-04-14 19:15:34,705 [http-nio-9181-exec-8] INFO  c.c.b.business.SalesmanService - -Available salesmen: [4]
2024-04-14 19:15:35,501 [http-nio-9181-exec-9] INFO  c.c.b.business.SalesmanService - -Available salesmen: [4]
2024-04-14 19:15:35,506 [http-nio-9181-exec-9] INFO  c.c.b.business.UserService - -Available User: [8]
